<?xml version="1.0" encoding="UTF-8"?>
<!-- Generated by org.testng.reporters.JUnitReportReporter -->
<testsuite skipped="0" hostname="GVSSWAROOP" name="com.basic.BaseTest" tests="1" failures="0" timestamp="26 Jan 2020 11:01:49 GMT" time="0.022" errors="0">
  <testcase name="init" time="0.022" classname="com.basic.BaseTest"/>
</testsuite> <!-- com.basic.BaseTest -->
