<?xml version="1.0" encoding="UTF-8"?>
<!-- Generated by org.testng.reporters.JUnitReportReporter -->
<testsuite skipped="0" hostname="GVSSWAROOP" name="com.suiteb.LoginTest" tests="2" failures="0" timestamp="26 Jan 2020 10:20:46 GMT" time="0.044" errors="0">
  <testcase name="init" time="0.035" classname="com.suiteb.LoginTest"/>
  <testcase name="login" time="0.009" classname="com.suiteb.LoginTest"/>
</testsuite> <!-- com.suiteb.LoginTest -->
